\BOOKMARK [0][-]{chapter.1}{\376\377\000O\000v\000e\000r\000v\000i\000e\000w}{}% 1
\BOOKMARK [0][-]{chapter.2}{\376\377\000I\000n\000s\000t\000a\000l\000l\000a\000t\000i\000o\000n}{}% 2
\BOOKMARK [1][-]{section.2.1}{\376\377\000l\000i\000b\000b\000e\000e\000f}{chapter.2}% 3
\BOOKMARK [2][-]{subsection.2.1.1}{\376\377\000D\000o\000w\000n\000l\000o\000a\000d\000\040\000a\000n\000d\000\040\000I\000n\000s\000t\000a\000l\000l}{section.2.1}% 4
\BOOKMARK [3][-]{subsubsection*.3}{\376\377\000D\000o\000w\000n\000l\000o\000a\000d}{subsection.2.1.1}% 5
\BOOKMARK [3][-]{subsubsection*.4}{\376\377\000C\000o\000m\000p\000i\000l\000e}{subsection.2.1.1}% 6
\BOOKMARK [1][-]{section.2.2}{\376\377\000l\000i\000b\000x\000c}{chapter.2}% 7
\BOOKMARK [2][-]{subsection.2.2.1}{\376\377\000D\000o\000w\000n\000l\000o\000a\000d\000\040\000a\000n\000d\000\040\000I\000n\000s\000t\000a\000l\000l}{section.2.2}% 8
\BOOKMARK [3][-]{subsubsection*.5}{\376\377\000D\000o\000w\000n\000l\000o\000a\000d}{subsection.2.2.1}% 9
\BOOKMARK [3][-]{subsubsection*.6}{\376\377\000C\000o\000m\000p\000i\000l\000e}{subsection.2.2.1}% 10
\BOOKMARK [1][-]{section.2.3}{\376\377\000h\000d\000f\0005}{chapter.2}% 11
\BOOKMARK [2][-]{subsection.2.3.1}{\376\377\000D\000o\000w\000n\000l\000o\000a\000d\000\040\000a\000n\000d\000\040\000I\000n\000s\000t\000a\000l\000l}{section.2.3}% 12
\BOOKMARK [3][-]{subsubsection*.7}{\376\377\000D\000o\000w\000n\000l\000o\000a\000d}{subsection.2.3.1}% 13
\BOOKMARK [3][-]{subsubsection*.8}{\376\377\000C\000o\000m\000p\000i\000l\000e}{subsection.2.3.1}% 14
\BOOKMARK [1][-]{section.2.4}{\376\377\000Q\000u\000a\000n\000t\000u\000m\000-\000E\000S\000P\000R\000E\000S\000S\000O}{chapter.2}% 15
\BOOKMARK [2][-]{subsection.2.4.1}{\376\377\000D\000o\000w\000n\000l\000o\000a\000d\000\040\000a\000n\000d\000\040\000I\000n\000s\000t\000a\000l\000l}{section.2.4}% 16
\BOOKMARK [3][-]{subsubsection*.9}{\376\377\000D\000o\000w\000n\000l\000o\000a\000d}{subsection.2.4.1}% 17
\BOOKMARK [3][-]{subsubsection*.10}{\376\377\000C\000o\000m\000p\000i\000l\000e}{subsection.2.4.1}% 18
\BOOKMARK [4][-]{paragraph*.11}{\376\377\000p\000r\000e\000p\000a\000r\000a\000t\000i\000o\000n}{subsubsection*.10}% 19
\BOOKMARK [4][-]{paragraph*.12}{\376\377\000C\000o\000m\000p\000i\000l\000e\000\040\000Q\000u\000a\000n\000t\000u\000m\000-\000E\000S\000P\000R\000E\000S\000S\000O}{subsubsection*.10}% 20
\BOOKMARK [1][-]{section.2.5}{\376\377\000A\000B\000I\000N\000I\000T}{chapter.2}% 21
\BOOKMARK [2][-]{subsection.2.5.1}{\376\377\000D\000o\000w\000n\000l\000o\000a\000d\000\040\000a\000n\000d\000\040\000I\000n\000s\000t\000a\000l\000l}{section.2.5}% 22
\BOOKMARK [3][-]{subsubsection*.13}{\376\377\000D\000o\000w\000n\000l\000o\000a\000d}{subsection.2.5.1}% 23
\BOOKMARK [3][-]{subsubsection*.14}{\376\377\000C\000o\000m\000p\000i\000l\000e}{subsection.2.5.1}% 24
\BOOKMARK [4][-]{paragraph*.15}{\376\377\000C\000o\000m\000p\000i\000l\000e\000\040\000w\000a\000n\000n\000i\000e\000r\0009\0000}{subsubsection*.14}% 25
\BOOKMARK [4][-]{paragraph*.16}{\376\377\000C\000o\000m\000p\000i\000l\000e\000\040\000a\000b\000i\000n\000i\000t}{subsubsection*.14}% 26
\BOOKMARK [1][-]{section.2.6}{\376\377\000Y\000a\000m\000b\000o}{chapter.2}% 27
\BOOKMARK [2][-]{subsection.2.6.1}{\376\377\000D\000o\000w\000n\000l\000o\000a\000d\000\040\000a\000n\000d\000\040\000I\000n\000s\000t\000a\000l\000l}{section.2.6}% 28
\BOOKMARK [3][-]{subsubsection*.17}{\376\377\000D\000o\000w\000n\000l\000o\000a\000d}{subsection.2.6.1}% 29
\BOOKMARK [3][-]{subsubsection*.18}{\376\377\000C\000o\000m\000p\000i\000l\000e}{subsection.2.6.1}% 30
\BOOKMARK [1][-]{section.2.7}{\376\377\000B\000e\000r\000k\000e\000l\000e\000y\000G\000W}{chapter.2}% 31
\BOOKMARK [2][-]{subsection.2.7.1}{\376\377\000D\000o\000w\000n\000l\000o\000a\000d\000\040\000a\000n\000d\000\040\000I\000n\000s\000t\000a\000l\000l}{section.2.7}% 32
\BOOKMARK [3][-]{subsubsection*.19}{\376\377\000D\000o\000w\000n\000l\000o\000a\000d}{subsection.2.7.1}% 33
\BOOKMARK [3][-]{subsubsection*.20}{\376\377\000C\000o\000m\000p\000i\000l\000e}{subsection.2.7.1}% 34
\BOOKMARK [4][-]{paragraph*.21}{\376\377\0002\000.\0001\000\040\000C\000o\000m\000p\000i\000l\000e\000\040\000H\000D\000F\0005}{subsubsection*.20}% 35
\BOOKMARK [4][-]{paragraph*.22}{\376\377\0002\000.\0002\000\040\000C\000o\000m\000p\000i\000l\000e\000\040\000B\000e\000r\000k\000e\000l\000e\000y\000G\000W}{subsubsection*.20}% 36
\BOOKMARK [0][-]{chapter.3}{\376\377\000T\000u\000t\000o\000r\000i\000a\000l\000s}{}% 37
\BOOKMARK [1][-]{section.3.1}{\376\377\000V\000A\000S\000P}{chapter.3}% 38
\BOOKMARK [2][-]{subsection.3.1.1}{\376\377\122\115\212\000}{section.3.1}% 39
\BOOKMARK [2][-]{subsection.3.1.2}{\376\377\164\006\213\272\127\372\170\100}{section.3.1}% 40
\BOOKMARK [2][-]{subsection.3.1.3}{\376\377\213\241\173\227\116\016\145\160\143\156\131\004\164\006\135\345\121\167}{section.3.1}% 41
\BOOKMARK [2][-]{subsection.3.1.4}{\376\377\116\214\176\364\000I\000n\000S\000e\147\011\145\110\215\050\221\317\213\241\173\227\217\307\172\013}{section.3.1}% 42
\BOOKMARK [3][-]{subsubsection*.23}{\376\377\136\372\152\041}{subsection.3.1.4}% 43
\BOOKMARK [3][-]{subsubsection*.24}{\376\377\200\375\136\046\213\241\173\227}{subsection.3.1.4}% 44
\BOOKMARK [4][-]{paragraph*.25}{\376\377\176\323\147\204\117\030\123\026}{subsubsection*.24}% 45
\BOOKMARK [4][-]{paragraph*.26}{\376\377\227\131\140\001\201\352\155\075}{subsubsection*.24}% 46
\BOOKMARK [4][-]{paragraph*.27}{\376\377\200\375\136\046\213\241\173\227}{subsubsection*.24}% 47
\BOOKMARK [1][-]{section.3.2}{\376\377\000Q\000u\000a\000n\000t\000u\000m\000-\000E\000S\000P\000R\000E\000S\000S\000O}{chapter.3}% 48
\BOOKMARK [1][-]{section.3.3}{\376\377\000E\000P\000W}{chapter.3}% 49
\BOOKMARK [1][-]{section.3.4}{\376\377\000p\000y\000m\000a\000t\000g\000e\000n}{chapter.3}% 50
\BOOKMARK [2][-]{subsection.3.4.1}{\376\377\000B\000a\000s\000i\000c\000\040\000M\000o\000d\000u\000l\000e}{section.3.4}% 51
\BOOKMARK [1][-]{section.3.5}{\376\377\000G\000n\000u\000p\000l\000o\000t}{chapter.3}% 52
\BOOKMARK [2][-]{subsection.3.5.1}{\376\377\136\014\201\112\133\127\153\315\210\150}{section.3.5}% 53
\BOOKMARK [0][-]{chapter.4}{\376\377\000I\000n\000d\000i\000c\000e\000s\000\040\000a\000n\000d\000\040\000t\000a\000b\000l\000e\000s}{}% 54
